SLF4J: Failed to load class "org.slf4j.impl.StaticLoggerBinder".
SLF4J: Defaulting to no-operation (NOP) logger implementation
SLF4J: See http://www.slf4j.org/codes.html#StaticLoggerBinder for further details.
{"logLevel":"info","message":"Listening on port:63410"}
{"logLevel":"debug","message":"Scanning packages for steps"}
{"logLevel":"debug","message":"Scanning packages for hooks"}
Request method:	GET
Request URI:	http://innovate-stage-209385288.us-east-1.elb.amazonaws.com/api/v2/supply/getAllocatedSurveys
Proxy:			<none>
Request params:	<none>
Query params:	<none>
Form params:	<none>
Path params:	<none>
Headers:		X-access-token=eyJhbGciOiJIUzI1NiIsInR5cCI6IkpXVCJ9.eyJpZCI6IjYwNDVjNTc4NDczNzAyMTUzNzIwYjU0YyIsInVzcl9pZCI6NTAyNSwidXNyX3R5cGUiOiJzdXBwbGllciIsImlhdCI6MTYxNjA5NjQ1Mn0.A3qpMw6toCiMvu44I9lhmPESb0Wk0xpQVU8BurLUN2s
				Accept=*/*
				Content-Type=application/json; charset=UTF-8
Cookies:		<none>
Multiparts:		<none>
Body:			<none>
Request method:	GET
Request URI:	http://innovate-stage-209385288.us-east-1.elb.amazonaws.com/api/v2/getAllocatedSurveysBySurveyId/%7B109677%7D
Proxy:			<none>
Request params:	<none>
Query params:	<none>
Form params:	<none>
Path params:	<none>
Headers:		X-access-token=eyJhbGciOiJIUzI1NiIsInR5cCI6IkpXVCJ9.eyJpZCI6IjYwNDVjNTc4NDczNzAyMTUzNzIwYjU0YyIsInVzcl9pZCI6NTAyNSwidXNyX3R5cGUiOiJzdXBwbGllciIsImlhdCI6MTYxNjA5NjQ1Mn0.A3qpMw6toCiMvu44I9lhmPESb0Wk0xpQVU8BurLUN2s
				Accept=*/*
				Content-Type=application/json; charset=UTF-8
Cookies:		<none>
Multiparts:		<none>
Body:			<none>
